# JRE version: Java(TM) SE Runtime Environment (9.0+11) (build 9.0.4+11)
# Java VM: Java HotSpot(TM) 64-Bit Server VM (9.0.4+11, mixed mode, tiered, compressed oops, g1 gc, windows-amd64)
Heap:
 garbage-first heap   total 327680K, used 157244K [0x0000000700000000, 0x0000000700100a00, 0x00000007c0000000)
  region size 1024K, 16 young (16384K), 3 survivors (3072K)
 Metaspace       used 95466K, capacity 98916K, committed 104188K, reserved 1138688K
  class space    used 13309K, capacity 13982K, committed 15100K, reserved 1048576K
GC Heap History (10 events):
Event: 3443.951 GC heap before
{Heap before GC invocations=495 (full 9):
 garbage-first heap   total 327680K, used 208171K [0x0000000700000000, 0x0000000700100a00, 0x00000007c0000000)
  region size 1024K, 60 young (61440K), 2 survivors (2048K)
 Metaspace       used 96306K, capacity 101396K, committed 103804K, reserved 1138688K
  class space    used 13572K, capacity 14480K, committed 14972K, reserved 1048576K
}
Event: 3443.954 GC heap after
{Heap after GC invocations=496 (full 9):
 garbage-first heap   total 327680K, used 148776K [0x0000000700000000, 0x0000000700100a00, 0x00000007c0000000)
  region size 1024K, 2 young (2048K), 2 survivors (2048K)
 Metaspace       used 96306K, capacity 101396K, committed 103804K, reserved 1138688K
  class space    used 13572K, capacity 14480K, committed 14972K, reserved 1048576K
}
Event: 3444.039 GC heap before
{Heap before GC invocations=496 (full 9):
 garbage-first heap   total 327680K, used 179496K [0x0000000700000000, 0x0000000700100a00, 0x00000007c0000000)
  region size 1024K, 33 young (33792K), 2 survivors (2048K)
 Metaspace       used 96306K, capacity 101396K, committed 103804K, reserved 1138688K
  class space    used 13572K, capacity 14480K, committed 14972K, reserved 1048576K
}
Event: 3444.352 GC heap after
{Heap after GC invocations=497 (full 10):
 garbage-first heap   total 327680K, used 142058K [0x0000000700000000, 0x0000000700100a00, 0x00000007c0000000)
  region size 1024K, 0 young (0K), 0 survivors (0K)
 Metaspace       used 95232K, capacity 98566K, committed 103804K, reserved 1138688K
  class space    used 13270K, capacity 13911K, committed 14972K, reserved 1048576K
}
Event: 3444.905 GC heap before
{Heap before GC invocations=497 (full 10):
 garbage-first heap   total 327680K, used 203498K [0x0000000700000000, 0x0000000700100a00, 0x00000007c0000000)
  region size 1024K, 60 young (61440K), 0 survivors (0K)
 Metaspace       used 95244K, capacity 98566K, committed 103804K, reserved 1138688K
  class space    used 13270K, capacity 13911K, committed 14972K, reserved 1048576K
}
Event: 3444.907 GC heap after
{Heap after GC invocations=498 (full 10):
 garbage-first heap   total 327680K, used 142440K [0x0000000700000000, 0x0000000700100a00, 0x00000007c0000000)
  region size 1024K, 1 young (1024K), 1 survivors (1024K)
 Metaspace       used 95244K, capacity 98566K, committed 103804K, reserved 1138688K
  class space    used 13270K, capacity 13911K, committed 14972K, reserved 1048576K
}
Event: 3447.393 GC heap before
{Heap before GC invocations=498 (full 10):
 garbage-first heap   total 327680K, used 202856K [0x0000000700000000, 0x0000000700100a00, 0x00000007c0000000)
  region size 1024K, 60 young (61440K), 1 survivors (1024K)
 Metaspace       used 95395K, capacity 98840K, committed 104188K, reserved 1138688K
  class space    used 13307K, capacity 13980K, committed 15100K, reserved 1048576K
}
Event: 3447.398 GC heap after
{Heap after GC invocations=499 (full 10):
 garbage-first heap   total 327680K, used 144423K [0x0000000700000000, 0x0000000700100a00, 0x00000007c0000000)
  region size 1024K, 3 young (3072K), 3 survivors (3072K)
 Metaspace       used 95395K, capacity 98840K, committed 104188K, reserved 1138688K
  class space    used 13307K, capacity 13980K, committed 15100K, reserved 1048576K
}
Event: 3448.433 GC heap before
{Heap before GC invocations=499 (full 10):
 garbage-first heap   total 327680K, used 202791K [0x0000000700000000, 0x0000000700100a00, 0x00000007c0000000)
  region size 1024K, 60 young (61440K), 3 survivors (3072K)
 Metaspace       used 95437K, capacity 98916K, committed 104188K, reserved 1138688K
  class space    used 13309K, capacity 13982K, committed 15100K, reserved 1048576K
}
Event: 3448.439 GC heap after
{Heap after GC invocations=500 (full 10):
 garbage-first heap   total 327680K, used 144956K [0x0000000700000000, 0x0000000700100a00, 0x00000007c0000000)
  region size 1024K, 3 young (3072K), 3 survivors (3072K)
 Metaspace       used 95437K, capacity 98916K, committed 104188K, reserved 1138688K
  class space    used 13309K, capacity 13982K, committed 15100K, reserved 1048576K
}

